[debug] [2021-05-03T15:16:52.034Z] ----------------------------------------------------------------------
[debug] [2021-05-03T15:16:52.037Z] Command:       C:\Program Files\nodejs\node.exe C:\Users\Sushanta\AppData\Roaming\npm\node_modules\firebase-tools\lib\bin\firebase.js deploy
[debug] [2021-05-03T15:16:52.037Z] CLI Version:   9.10.0
[debug] [2021-05-03T15:16:52.037Z] Platform:      win32
[debug] [2021-05-03T15:16:52.037Z] Node Version:  v15.13.0
[debug] [2021-05-03T15:16:52.095Z] Time:          Mon May 03 2021 21:16:52 GMT+0600 (Bangladesh Standard Time)
[debug] [2021-05-03T15:16:52.095Z] ----------------------------------------------------------------------
[debug] 
[debug] [2021-05-03T15:16:52.115Z] > command requires scopes: ["email","openid","https://www.googleapis.com/auth/cloudplatformprojects.readonly","https://www.googleapis.com/auth/firebase","https://www.googleapis.com/auth/cloud-platform"]
[debug] [2021-05-03T15:16:52.115Z] > authorizing via signed-in user (sushanta9119@gmail.com)
[debug] [2021-05-03T15:16:52.115Z] [iam] checking project portfolio-3db10 for permissions ["firebase.projects.get","firebasehosting.sites.update"]
[debug] [2021-05-03T15:16:52.119Z] > refreshing access token with scopes: ["email","https://www.googleapis.com/auth/cloud-platform","https://www.googleapis.com/auth/cloudplatformprojects.readonly","https://www.googleapis.com/auth/firebase","openid"]
[debug] [2021-05-03T15:16:52.120Z] >>> HTTP REQUEST POST https://www.googleapis.com/oauth2/v3/token  
 <request body omitted>
[debug] [2021-05-03T15:16:53.055Z] <<< HTTP RESPONSE 200 {"cache-control":"no-cache, no-store, max-age=0, must-revalidate","pragma":"no-cache","date":"Mon, 03 May 2021 15:16:53 GMT","expires":"Mon, 01 Jan 1990 00:00:00 GMT","content-type":"application/json; charset=utf-8","vary":"X-Origin, Referer, Origin,Accept-Encoding","server":"scaffolding on HTTPServer2","x-xss-protection":"0","x-frame-options":"SAMEORIGIN","x-content-type-options":"nosniff","alt-svc":"h3-29=\":443\"; ma=2592000,h3-T051=\":443\"; ma=2592000,h3-Q050=\":443\"; ma=2592000,h3-Q046=\":443\"; ma=2592000,h3-Q043=\":443\"; ma=2592000,quic=\":443\"; ma=2592000; v=\"46,43\"","accept-ranges":"none","transfer-encoding":"chunked"}
[debug] [2021-05-03T15:16:53.108Z] >>> HTTP REQUEST POST https://cloudresourcemanager.googleapis.com/v1/projects/portfolio-3db10:testIamPermissions  
 {"permissions":["firebase.projects.get","firebasehosting.sites.update"]}
[debug] [2021-05-03T15:16:55.064Z] <<< HTTP RESPONSE 200 {"content-type":"application/json; charset=UTF-8","vary":"X-Origin, Referer, Origin,Accept-Encoding","date":"Mon, 03 May 2021 15:16:54 GMT","server":"ESF","cache-control":"private","x-xss-protection":"0","x-frame-options":"SAMEORIGIN","x-content-type-options":"nosniff","server-timing":"gfet4t7; dur=1145","alt-svc":"h3-29=\":443\"; ma=2592000,h3-T051=\":443\"; ma=2592000,h3-Q050=\":443\"; ma=2592000,h3-Q046=\":443\"; ma=2592000,h3-Q043=\":443\"; ma=2592000,quic=\":443\"; ma=2592000; v=\"46,43\"","accept-ranges":"none","transfer-encoding":"chunked"}
[debug] [2021-05-03T15:16:55.066Z] > refreshing access token with scopes: []
[debug] [2021-05-03T15:16:55.066Z] >>> HTTP REQUEST POST https://www.googleapis.com/oauth2/v3/token  
 <request body omitted>
[debug] [2021-05-03T15:16:55.965Z] <<< HTTP RESPONSE 200 {"cache-control":"no-cache, no-store, max-age=0, must-revalidate","date":"Mon, 03 May 2021 15:16:55 GMT","pragma":"no-cache","expires":"Mon, 01 Jan 1990 00:00:00 GMT","content-type":"application/json; charset=utf-8","vary":"X-Origin, Referer, Origin,Accept-Encoding","server":"scaffolding on HTTPServer2","x-xss-protection":"0","x-frame-options":"SAMEORIGIN","x-content-type-options":"nosniff","alt-svc":"h3-29=\":443\"; ma=2592000,h3-T051=\":443\"; ma=2592000,h3-Q050=\":443\"; ma=2592000,h3-Q046=\":443\"; ma=2592000,h3-Q043=\":443\"; ma=2592000,quic=\":443\"; ma=2592000; v=\"46,43\"","accept-ranges":"none","transfer-encoding":"chunked"}
[debug] [2021-05-03T15:16:56.034Z] >>> [apiv2][query] GET https://firebase.googleapis.com/v1beta1/projects/portfolio-3db10 [none]
[debug] [2021-05-03T15:16:57.464Z] <<< [apiv2][status] GET https://firebase.googleapis.com/v1beta1/projects/portfolio-3db10 200
[debug] [2021-05-03T15:16:57.464Z] <<< [apiv2][body] GET https://firebase.googleapis.com/v1beta1/projects/portfolio-3db10 {"projectId":"portfolio-3db10","projectNumber":"932587590153","displayName":"portfolio","name":"projects/portfolio-3db10","resources":{"hostingSite":"portfolio-3db10"},"state":"ACTIVE"}
[info] 
[info] === Deploying to 'portfolio-3db10'...
[info] 
[info] i  deploying hosting 
[debug] [2021-05-03T15:16:57.469Z] > refreshing access token with scopes: ["email","https://www.googleapis.com/auth/cloud-platform","https://www.googleapis.com/auth/cloudplatformprojects.readonly","https://www.googleapis.com/auth/firebase","openid"]
[debug] [2021-05-03T15:16:57.469Z] >>> HTTP REQUEST POST https://www.googleapis.com/oauth2/v3/token  
 <request body omitted>
[debug] [2021-05-03T15:16:58.193Z] <<< HTTP RESPONSE 200 {"date":"Mon, 03 May 2021 15:16:58 GMT","pragma":"no-cache","expires":"Mon, 01 Jan 1990 00:00:00 GMT","cache-control":"no-cache, no-store, max-age=0, must-revalidate","content-type":"application/json; charset=utf-8","vary":"X-Origin, Referer, Origin,Accept-Encoding","server":"scaffolding on HTTPServer2","x-xss-protection":"0","x-frame-options":"SAMEORIGIN","x-content-type-options":"nosniff","alt-svc":"h3-29=\":443\"; ma=2592000,h3-T051=\":443\"; ma=2592000,h3-Q050=\":443\"; ma=2592000,h3-Q046=\":443\"; ma=2592000,h3-Q043=\":443\"; ma=2592000,quic=\":443\"; ma=2592000; v=\"46,43\"","accept-ranges":"none","transfer-encoding":"chunked"}
[debug] [2021-05-03T15:16:58.254Z] >>> HTTP REQUEST POST https://firebasehosting.googleapis.com/v1beta1/sites/portfolio-3db10/versions  
 {"config":{},"labels":{"deployment-tool":"cli-firebase"}}
[debug] [2021-05-03T15:17:00.644Z] <<< HTTP RESPONSE 200 {"content-type":"application/json; charset=UTF-8","vary":"X-Origin, Referer, Origin,Accept-Encoding","date":"Mon, 03 May 2021 15:17:00 GMT","server":"ESF","cache-control":"private","x-xss-protection":"0","x-frame-options":"SAMEORIGIN","x-content-type-options":"nosniff","alt-svc":"h3-29=\":443\"; ma=2592000,h3-T051=\":443\"; ma=2592000,h3-Q050=\":443\"; ma=2592000,h3-Q046=\":443\"; ma=2592000,h3-Q043=\":443\"; ma=2592000,quic=\":443\"; ma=2592000; v=\"46,43\"","accept-ranges":"none","transfer-encoding":"chunked"}
[info] i  hosting[portfolio-3db10]: beginning deploy... 
[info] i  hosting[portfolio-3db10]: found 19 files in build 
[debug] [2021-05-03T15:17:01.113Z] > refreshing access token with scopes: []
[debug] [2021-05-03T15:17:01.113Z] >>> HTTP REQUEST POST https://www.googleapis.com/oauth2/v3/token  
 <request body omitted>
[debug] [2021-05-03T15:17:01.117Z] [hosting] hash cache [YnVpbGQ] stored for 19 files
[debug] [2021-05-03T15:17:01.117Z] [hosting][hash queue][FINAL] {"max":406,"min":5,"avg":45.73684210526316,"active":0,"complete":19,"success":19,"errored":0,"retried":0,"total":19,"elapsed":436}
[debug] [2021-05-03T15:17:01.904Z] <<< HTTP RESPONSE 200 {"expires":"Mon, 01 Jan 1990 00:00:00 GMT","date":"Mon, 03 May 2021 15:17:01 GMT","cache-control":"no-cache, no-store, max-age=0, must-revalidate","pragma":"no-cache","content-type":"application/json; charset=utf-8","vary":"X-Origin, Referer, Origin,Accept-Encoding","server":"scaffolding on HTTPServer2","x-xss-protection":"0","x-frame-options":"SAMEORIGIN","x-content-type-options":"nosniff","alt-svc":"h3-29=\":443\"; ma=2592000,h3-T051=\":443\"; ma=2592000,h3-Q050=\":443\"; ma=2592000,h3-Q046=\":443\"; ma=2592000,h3-Q043=\":443\"; ma=2592000,quic=\":443\"; ma=2592000; v=\"46,43\"","accept-ranges":"none","transfer-encoding":"chunked"}
[debug] [2021-05-03T15:17:01.977Z] >>> [apiv2][query] POST https://firebasehosting.googleapis.com/v1beta1/sites/portfolio-3db10/versions/fcbc4e5b19d0ab60:populateFiles [none]
[debug] [2021-05-03T15:17:01.978Z] >>> [apiv2][body] POST https://firebasehosting.googleapis.com/v1beta1/sites/portfolio-3db10/versions/fcbc4e5b19d0ab60:populateFiles {"files":{"/manifest.json":"aff3449bdc238776f5d6d967f19ec491b36aed5fb7f23ccff6500736fd58494a","/robots.txt":"bfe106a3fb878dc83461c86818bf74fc1bdc7f28538ba613cd3e775516ce8b49","/asset-manifest.json":"c3fbf8dc3a5ed751b70ed9fdc21905ac565f34e520cd04851eb7dfdb6050f4be","/index.html":"e7f9f1f028c8af2bf6a412f469255fd5e2a3be71f286534f2c095c25bd843617","/static/css/main.c393b7a7.chunk.css":"47d4d163256cb6b3c072e61da42ef1093db3c213a5f811c9d4a112633ef19446","/static/css/main.c393b7a7.chunk.css.map":"95d577ae33a229fcd54cb4fff3d8812373e52254478fdd92b914f1bb15acf19a","/static/js/2.e94c46b3.chunk.js.LICENSE.txt":"dd75a9f771e59956bf4841f4de1f5b0a4f14f1dae965840b4830794ba673a762","/static/js/3.86954c17.chunk.js":"d2d6dea452d370b68098403d612708b6c89fa2bf5fe6e7f3e8e4b45c9e488f22","/static/js/3.86954c17.chunk.js.map":"c2ff5052cb19abf2547cffc88f47552f6114f928ecc1fa1e767254b2d1680d0d","/static/js/main.6a0e2710.chunk.js":"2c98b207ba233a6d6b12e78fc79fb0a3f7ffea12ded2f88cff72ba0b246138cc","/static/js/runtime-main.9804f75e.js":"2b8208703398b8456cfc55849e130354e33ea967e66ccce98313787e4d1e7be4","/static/js/runtime-main.9804f75e.js.map":"a670f8abce2b793e102c4b496cbc7e0a2359ff9dc982c1a616042a32a9ffcd01","/static/js/main.6a0e2710.chunk.js.map":"31167bda1b3bd203f60e57b36c7bf3f865fda3797d81fdacb5f95cdc403915c7","/static/media/hireMe.5fe539b4.jpg":"e17167655e59b29576913610bfdee342af57ed50cb834fca219f4211ae2064e3","/static/css/2.150d169a.chunk.css":"8178eaba0159129cb6776562578334e1993e85633525ea5d0eae441d3042a92e","/static/media/susanto.3506bcda.jpg":"dc85c26c679bb8c9725f454e95ca627025e1a86baa23d6561c9f42d0a2866e05","/static/js/2.e94c46b3.chunk.js":"f464fab2236025286a6550d874530f4163319d954b82d377bfa87a5d2f8d5347","/static/css/2.150d169a.chunk.css.map":"391a43f41473c0cdd8a9158e7af9e70b838832ca4ecb332c89a4fe50211c8d74","/static/js/2.e94c46b3.chunk.js.map":"4c0db912bd002c2ecdf169a110783992a4281c02dba43136c544243f1a6e78e3"}}
[debug] [2021-05-03T15:17:04.285Z] <<< [apiv2][status] POST https://firebasehosting.googleapis.com/v1beta1/sites/portfolio-3db10/versions/fcbc4e5b19d0ab60:populateFiles 200
[debug] [2021-05-03T15:17:04.285Z] <<< [apiv2][body] POST https://firebasehosting.googleapis.com/v1beta1/sites/portfolio-3db10/versions/fcbc4e5b19d0ab60:populateFiles {"uploadRequiredHashes":["e7f9f1f028c8af2bf6a412f469255fd5e2a3be71f286534f2c095c25bd843617","dc85c26c679bb8c9725f454e95ca627025e1a86baa23d6561c9f42d0a2866e05","f464fab2236025286a6550d874530f4163319d954b82d377bfa87a5d2f8d5347","4c0db912bd002c2ecdf169a110783992a4281c02dba43136c544243f1a6e78e3"],"uploadUrl":"https://upload-firebasehosting.googleapis.com/upload/sites/portfolio-3db10/versions/fcbc4e5b19d0ab60/files"}
[debug] [2021-05-03T15:17:04.287Z] >>> [apiv2][query] POST https://upload-firebasehosting.googleapis.com/upload/sites/portfolio-3db10/versions/fcbc4e5b19d0ab60/files/e7f9f1f028c8af2bf6a412f469255fd5e2a3be71f286534f2c095c25bd843617 [none]
[debug] [2021-05-03T15:17:04.287Z] >>> [apiv2][body] POST https://upload-firebasehosting.googleapis.com/upload/sites/portfolio-3db10/versions/fcbc4e5b19d0ab60/files/e7f9f1f028c8af2bf6a412f469255fd5e2a3be71f286534f2c095c25bd843617 [stream]
[debug] [2021-05-03T15:17:04.289Z] >>> [apiv2][query] POST https://upload-firebasehosting.googleapis.com/upload/sites/portfolio-3db10/versions/fcbc4e5b19d0ab60/files/dc85c26c679bb8c9725f454e95ca627025e1a86baa23d6561c9f42d0a2866e05 [none]
[debug] [2021-05-03T15:17:04.289Z] >>> [apiv2][body] POST https://upload-firebasehosting.googleapis.com/upload/sites/portfolio-3db10/versions/fcbc4e5b19d0ab60/files/dc85c26c679bb8c9725f454e95ca627025e1a86baa23d6561c9f42d0a2866e05 [stream]
[debug] [2021-05-03T15:17:04.292Z] >>> [apiv2][query] POST https://upload-firebasehosting.googleapis.com/upload/sites/portfolio-3db10/versions/fcbc4e5b19d0ab60/files/f464fab2236025286a6550d874530f4163319d954b82d377bfa87a5d2f8d5347 [none]
[debug] [2021-05-03T15:17:04.292Z] >>> [apiv2][body] POST https://upload-firebasehosting.googleapis.com/upload/sites/portfolio-3db10/versions/fcbc4e5b19d0ab60/files/f464fab2236025286a6550d874530f4163319d954b82d377bfa87a5d2f8d5347 [stream]
[debug] [2021-05-03T15:17:04.293Z] >>> [apiv2][query] POST https://upload-firebasehosting.googleapis.com/upload/sites/portfolio-3db10/versions/fcbc4e5b19d0ab60/files/4c0db912bd002c2ecdf169a110783992a4281c02dba43136c544243f1a6e78e3 [none]
[debug] [2021-05-03T15:17:04.293Z] >>> [apiv2][body] POST https://upload-firebasehosting.googleapis.com/upload/sites/portfolio-3db10/versions/fcbc4e5b19d0ab60/files/4c0db912bd002c2ecdf169a110783992a4281c02dba43136c544243f1a6e78e3 [stream]
[debug] [2021-05-03T15:17:04.294Z] [hosting][populate queue][FINAL] {"max":3175,"min":3175,"avg":3175,"active":0,"complete":1,"success":1,"errored":0,"retried":0,"total":1,"elapsed":3182}
[debug] [2021-05-03T15:17:04.294Z] [hosting] uploads queued: 4
[debug] [2021-05-03T15:17:07.774Z] <<< [apiv2][status] POST https://upload-firebasehosting.googleapis.com/upload/sites/portfolio-3db10/versions/fcbc4e5b19d0ab60/files/e7f9f1f028c8af2bf6a412f469255fd5e2a3be71f286534f2c095c25bd843617 200
[debug] [2021-05-03T15:17:07.774Z] <<< [apiv2][body] POST https://upload-firebasehosting.googleapis.com/upload/sites/portfolio-3db10/versions/fcbc4e5b19d0ab60/files/e7f9f1f028c8af2bf6a412f469255fd5e2a3be71f286534f2c095c25bd843617 [stream]
[debug] [2021-05-03T15:17:34.716Z] [uploadQueue] Retrying task dc85c26c679bb8c9725f454e95ca627025e1a86baa23d6561c9f42d0a2866e05
[debug] [2021-05-03T15:17:34.716Z] >>> [apiv2][query] POST https://upload-firebasehosting.googleapis.com/upload/sites/portfolio-3db10/versions/fcbc4e5b19d0ab60/files/dc85c26c679bb8c9725f454e95ca627025e1a86baa23d6561c9f42d0a2866e05 [none]
[debug] [2021-05-03T15:17:34.716Z] >>> [apiv2][body] POST https://upload-firebasehosting.googleapis.com/upload/sites/portfolio-3db10/versions/fcbc4e5b19d0ab60/files/dc85c26c679bb8c9725f454e95ca627025e1a86baa23d6561c9f42d0a2866e05 [stream]
[debug] [2021-05-03T15:17:34.718Z] [uploadQueue] Retrying task f464fab2236025286a6550d874530f4163319d954b82d377bfa87a5d2f8d5347
[debug] [2021-05-03T15:17:34.719Z] >>> [apiv2][query] POST https://upload-firebasehosting.googleapis.com/upload/sites/portfolio-3db10/versions/fcbc4e5b19d0ab60/files/f464fab2236025286a6550d874530f4163319d954b82d377bfa87a5d2f8d5347 [none]
[debug] [2021-05-03T15:17:34.719Z] >>> [apiv2][body] POST https://upload-firebasehosting.googleapis.com/upload/sites/portfolio-3db10/versions/fcbc4e5b19d0ab60/files/f464fab2236025286a6550d874530f4163319d954b82d377bfa87a5d2f8d5347 [stream]
[debug] [2021-05-03T15:17:57.588Z] [uploadQueue] Retrying task 4c0db912bd002c2ecdf169a110783992a4281c02dba43136c544243f1a6e78e3
[debug] [2021-05-03T15:17:57.589Z] >>> [apiv2][query] POST https://upload-firebasehosting.googleapis.com/upload/sites/portfolio-3db10/versions/fcbc4e5b19d0ab60/files/4c0db912bd002c2ecdf169a110783992a4281c02dba43136c544243f1a6e78e3 [none]
[debug] [2021-05-03T15:17:57.590Z] >>> [apiv2][body] POST https://upload-firebasehosting.googleapis.com/upload/sites/portfolio-3db10/versions/fcbc4e5b19d0ab60/files/4c0db912bd002c2ecdf169a110783992a4281c02dba43136c544243f1a6e78e3 [stream]
[debug] [2021-05-03T15:18:05.532Z] [uploadQueue] Retrying task dc85c26c679bb8c9725f454e95ca627025e1a86baa23d6561c9f42d0a2866e05
[debug] [2021-05-03T15:18:05.533Z] >>> [apiv2][query] POST https://upload-firebasehosting.googleapis.com/upload/sites/portfolio-3db10/versions/fcbc4e5b19d0ab60/files/dc85c26c679bb8c9725f454e95ca627025e1a86baa23d6561c9f42d0a2866e05 [none]
[debug] [2021-05-03T15:18:05.533Z] >>> [apiv2][body] POST https://upload-firebasehosting.googleapis.com/upload/sites/portfolio-3db10/versions/fcbc4e5b19d0ab60/files/dc85c26c679bb8c9725f454e95ca627025e1a86baa23d6561c9f42d0a2866e05 [stream]
[debug] [2021-05-03T15:18:05.534Z] [uploadQueue] Retrying task f464fab2236025286a6550d874530f4163319d954b82d377bfa87a5d2f8d5347
[debug] [2021-05-03T15:18:05.535Z] >>> [apiv2][query] POST https://upload-firebasehosting.googleapis.com/upload/sites/portfolio-3db10/versions/fcbc4e5b19d0ab60/files/f464fab2236025286a6550d874530f4163319d954b82d377bfa87a5d2f8d5347 [none]
[debug] [2021-05-03T15:18:05.535Z] >>> [apiv2][body] POST https://upload-firebasehosting.googleapis.com/upload/sites/portfolio-3db10/versions/fcbc4e5b19d0ab60/files/f464fab2236025286a6550d874530f4163319d954b82d377bfa87a5d2f8d5347 [stream]
[debug] [2021-05-03T15:23:03.846Z] [uploadQueue] Retrying task 4c0db912bd002c2ecdf169a110783992a4281c02dba43136c544243f1a6e78e3
[debug] [2021-05-03T15:23:03.847Z] >>> [apiv2][query] POST https://upload-firebasehosting.googleapis.com/upload/sites/portfolio-3db10/versions/fcbc4e5b19d0ab60/files/4c0db912bd002c2ecdf169a110783992a4281c02dba43136c544243f1a6e78e3 [none]
[debug] [2021-05-03T15:23:03.847Z] >>> [apiv2][body] POST https://upload-firebasehosting.googleapis.com/upload/sites/portfolio-3db10/versions/fcbc4e5b19d0ab60/files/4c0db912bd002c2ecdf169a110783992a4281c02dba43136c544243f1a6e78e3 [stream]
[debug] [2021-05-03T15:23:04.651Z] [uploadQueue] Retrying task dc85c26c679bb8c9725f454e95ca627025e1a86baa23d6561c9f42d0a2866e05
[debug] [2021-05-03T15:23:04.652Z] >>> [apiv2][query] POST https://upload-firebasehosting.googleapis.com/upload/sites/portfolio-3db10/versions/fcbc4e5b19d0ab60/files/dc85c26c679bb8c9725f454e95ca627025e1a86baa23d6561c9f42d0a2866e05 [none]
[debug] [2021-05-03T15:23:04.652Z] >>> [apiv2][body] POST https://upload-firebasehosting.googleapis.com/upload/sites/portfolio-3db10/versions/fcbc4e5b19d0ab60/files/dc85c26c679bb8c9725f454e95ca627025e1a86baa23d6561c9f42d0a2866e05 [stream]
[debug] [2021-05-03T15:23:04.654Z] [uploadQueue] Retrying task f464fab2236025286a6550d874530f4163319d954b82d377bfa87a5d2f8d5347
[debug] [2021-05-03T15:23:04.655Z] >>> [apiv2][query] POST https://upload-firebasehosting.googleapis.com/upload/sites/portfolio-3db10/versions/fcbc4e5b19d0ab60/files/f464fab2236025286a6550d874530f4163319d954b82d377bfa87a5d2f8d5347 [none]
[debug] [2021-05-03T15:23:04.655Z] >>> [apiv2][body] POST https://upload-firebasehosting.googleapis.com/upload/sites/portfolio-3db10/versions/fcbc4e5b19d0ab60/files/f464fab2236025286a6550d874530f4163319d954b82d377bfa87a5d2f8d5347 [stream]
[debug] [2021-05-03T15:23:16.693Z] ----------------------------------------------------------------------
[debug] [2021-05-03T15:23:16.696Z] Command:       C:\Program Files\nodejs\node.exe C:\Users\Sushanta\AppData\Roaming\npm\node_modules\firebase-tools\lib\bin\firebase.js deploy
[debug] [2021-05-03T15:23:16.696Z] CLI Version:   9.10.0
[debug] [2021-05-03T15:23:16.697Z] Platform:      win32
[debug] [2021-05-03T15:23:16.697Z] Node Version:  v15.13.0
[debug] [2021-05-03T15:23:16.698Z] Time:          Mon May 03 2021 21:23:16 GMT+0600 (Bangladesh Standard Time)
[debug] [2021-05-03T15:23:16.698Z] ----------------------------------------------------------------------
[debug] 
[debug] [2021-05-03T15:23:16.710Z] > command requires scopes: ["email","openid","https://www.googleapis.com/auth/cloudplatformprojects.readonly","https://www.googleapis.com/auth/firebase","https://www.googleapis.com/auth/cloud-platform"]
[debug] [2021-05-03T15:23:16.710Z] > authorizing via signed-in user (sushanta9119@gmail.com)
[debug] [2021-05-03T15:23:16.710Z] [iam] checking project portfolio-3db10 for permissions ["firebase.projects.get","firebasehosting.sites.update"]
[debug] [2021-05-03T15:23:16.713Z] > refreshing access token with scopes: ["email","https://www.googleapis.com/auth/cloud-platform","https://www.googleapis.com/auth/cloudplatformprojects.readonly","https://www.googleapis.com/auth/firebase","openid"]
[debug] [2021-05-03T15:23:16.714Z] >>> HTTP REQUEST POST https://www.googleapis.com/oauth2/v3/token  
 <request body omitted>
[debug] [2021-05-03T15:23:17.525Z] <<< HTTP RESPONSE 200 {"expires":"Mon, 01 Jan 1990 00:00:00 GMT","cache-control":"no-cache, no-store, max-age=0, must-revalidate","date":"Mon, 03 May 2021 15:23:17 GMT","pragma":"no-cache","content-type":"application/json; charset=utf-8","vary":"X-Origin, Referer, Origin,Accept-Encoding","server":"scaffolding on HTTPServer2","x-xss-protection":"0","x-frame-options":"SAMEORIGIN","x-content-type-options":"nosniff","alt-svc":"h3-29=\":443\"; ma=2592000,h3-T051=\":443\"; ma=2592000,h3-Q050=\":443\"; ma=2592000,h3-Q046=\":443\"; ma=2592000,h3-Q043=\":443\"; ma=2592000,quic=\":443\"; ma=2592000; v=\"46,43\"","accept-ranges":"none","transfer-encoding":"chunked"}
[debug] [2021-05-03T15:23:17.624Z] >>> HTTP REQUEST POST https://cloudresourcemanager.googleapis.com/v1/projects/portfolio-3db10:testIamPermissions  
 {"permissions":["firebase.projects.get","firebasehosting.sites.update"]}
[debug] [2021-05-03T15:23:19.575Z] <<< HTTP RESPONSE 200 {"content-type":"application/json; charset=UTF-8","vary":"X-Origin, Referer, Origin,Accept-Encoding","date":"Mon, 03 May 2021 15:23:19 GMT","server":"ESF","cache-control":"private","x-xss-protection":"0","x-frame-options":"SAMEORIGIN","x-content-type-options":"nosniff","server-timing":"gfet4t7; dur=1155","alt-svc":"h3-29=\":443\"; ma=2592000,h3-T051=\":443\"; ma=2592000,h3-Q050=\":443\"; ma=2592000,h3-Q046=\":443\"; ma=2592000,h3-Q043=\":443\"; ma=2592000,quic=\":443\"; ma=2592000; v=\"46,43\"","accept-ranges":"none","transfer-encoding":"chunked"}
[debug] [2021-05-03T15:23:19.577Z] > refreshing access token with scopes: []
[debug] [2021-05-03T15:23:19.577Z] >>> HTTP REQUEST POST https://www.googleapis.com/oauth2/v3/token  
 <request body omitted>
[debug] [2021-05-03T15:23:20.344Z] <<< HTTP RESPONSE 200 {"expires":"Mon, 01 Jan 1990 00:00:00 GMT","pragma":"no-cache","date":"Mon, 03 May 2021 15:23:20 GMT","cache-control":"no-cache, no-store, max-age=0, must-revalidate","content-type":"application/json; charset=utf-8","vary":"X-Origin, Referer, Origin,Accept-Encoding","server":"scaffolding on HTTPServer2","x-xss-protection":"0","x-frame-options":"SAMEORIGIN","x-content-type-options":"nosniff","alt-svc":"h3-29=\":443\"; ma=2592000,h3-T051=\":443\"; ma=2592000,h3-Q050=\":443\"; ma=2592000,h3-Q046=\":443\"; ma=2592000,h3-Q043=\":443\"; ma=2592000,quic=\":443\"; ma=2592000; v=\"46,43\"","accept-ranges":"none","transfer-encoding":"chunked"}
[debug] [2021-05-03T15:23:20.400Z] >>> [apiv2][query] GET https://firebase.googleapis.com/v1beta1/projects/portfolio-3db10 [none]
[debug] [2021-05-03T15:23:21.443Z] <<< [apiv2][status] GET https://firebase.googleapis.com/v1beta1/projects/portfolio-3db10 200
[debug] [2021-05-03T15:23:21.443Z] <<< [apiv2][body] GET https://firebase.googleapis.com/v1beta1/projects/portfolio-3db10 {"projectId":"portfolio-3db10","projectNumber":"932587590153","displayName":"portfolio","name":"projects/portfolio-3db10","resources":{"hostingSite":"portfolio-3db10"},"state":"ACTIVE"}
[info] 
[info] === Deploying to 'portfolio-3db10'...
[info] 
[info] i  deploying hosting 
[debug] [2021-05-03T15:23:21.448Z] > refreshing access token with scopes: ["email","https://www.googleapis.com/auth/cloud-platform","https://www.googleapis.com/auth/cloudplatformprojects.readonly","https://www.googleapis.com/auth/firebase","openid"]
[debug] [2021-05-03T15:23:21.449Z] >>> HTTP REQUEST POST https://www.googleapis.com/oauth2/v3/token  
 <request body omitted>
[debug] [2021-05-03T15:23:22.244Z] <<< HTTP RESPONSE 200 {"date":"Mon, 03 May 2021 15:23:22 GMT","cache-control":"no-cache, no-store, max-age=0, must-revalidate","expires":"Mon, 01 Jan 1990 00:00:00 GMT","pragma":"no-cache","content-type":"application/json; charset=utf-8","vary":"X-Origin, Referer, Origin,Accept-Encoding","server":"scaffolding on HTTPServer2","x-xss-protection":"0","x-frame-options":"SAMEORIGIN","x-content-type-options":"nosniff","alt-svc":"h3-29=\":443\"; ma=2592000,h3-T051=\":443\"; ma=2592000,h3-Q050=\":443\"; ma=2592000,h3-Q046=\":443\"; ma=2592000,h3-Q043=\":443\"; ma=2592000,quic=\":443\"; ma=2592000; v=\"46,43\"","accept-ranges":"none","transfer-encoding":"chunked"}
[debug] [2021-05-03T15:23:22.338Z] >>> HTTP REQUEST POST https://firebasehosting.googleapis.com/v1beta1/sites/portfolio-3db10/versions  
 {"config":{},"labels":{"deployment-tool":"cli-firebase"}}
[debug] [2021-05-03T15:23:24.735Z] <<< HTTP RESPONSE 200 {"content-type":"application/json; charset=UTF-8","vary":"X-Origin, Referer, Origin,Accept-Encoding","date":"Mon, 03 May 2021 15:23:24 GMT","server":"ESF","cache-control":"private","x-xss-protection":"0","x-frame-options":"SAMEORIGIN","x-content-type-options":"nosniff","alt-svc":"h3-29=\":443\"; ma=2592000,h3-T051=\":443\"; ma=2592000,h3-Q050=\":443\"; ma=2592000,h3-Q046=\":443\"; ma=2592000,h3-Q043=\":443\"; ma=2592000,quic=\":443\"; ma=2592000; v=\"46,43\"","accept-ranges":"none","transfer-encoding":"chunked"}
[info] i  hosting[portfolio-3db10]: beginning deploy... 
[info] i  hosting[portfolio-3db10]: found 19 files in build 
[debug] [2021-05-03T15:23:24.757Z] > refreshing access token with scopes: []
[debug] [2021-05-03T15:23:24.757Z] >>> HTTP REQUEST POST https://www.googleapis.com/oauth2/v3/token  
 <request body omitted>
[debug] [2021-05-03T15:23:24.759Z] [hosting] hash cache [YnVpbGQ] stored for 19 files
[debug] [2021-05-03T15:23:24.759Z] [hosting][hash queue][FINAL] {"max":2,"min":0,"avg":0,"active":0,"complete":19,"success":19,"errored":0,"retried":0,"total":19,"elapsed":6}
[debug] [2021-05-03T15:23:25.535Z] <<< HTTP RESPONSE 200 {"expires":"Mon, 01 Jan 1990 00:00:00 GMT","cache-control":"no-cache, no-store, max-age=0, must-revalidate","pragma":"no-cache","date":"Mon, 03 May 2021 15:23:25 GMT","content-type":"application/json; charset=utf-8","vary":"X-Origin, Referer, Origin,Accept-Encoding","server":"scaffolding on HTTPServer2","x-xss-protection":"0","x-frame-options":"SAMEORIGIN","x-content-type-options":"nosniff","alt-svc":"h3-29=\":443\"; ma=2592000,h3-T051=\":443\"; ma=2592000,h3-Q050=\":443\"; ma=2592000,h3-Q046=\":443\"; ma=2592000,h3-Q043=\":443\"; ma=2592000,quic=\":443\"; ma=2592000; v=\"46,43\"","accept-ranges":"none","transfer-encoding":"chunked"}
[debug] [2021-05-03T15:23:25.598Z] >>> [apiv2][query] POST https://firebasehosting.googleapis.com/v1beta1/sites/portfolio-3db10/versions/2bb320ef6034973d:populateFiles [none]
[debug] [2021-05-03T15:23:25.598Z] >>> [apiv2][body] POST https://firebasehosting.googleapis.com/v1beta1/sites/portfolio-3db10/versions/2bb320ef6034973d:populateFiles {"files":{"/asset-manifest.json":"c3fbf8dc3a5ed751b70ed9fdc21905ac565f34e520cd04851eb7dfdb6050f4be","/index.html":"e7f9f1f028c8af2bf6a412f469255fd5e2a3be71f286534f2c095c25bd843617","/manifest.json":"aff3449bdc238776f5d6d967f19ec491b36aed5fb7f23ccff6500736fd58494a","/robots.txt":"bfe106a3fb878dc83461c86818bf74fc1bdc7f28538ba613cd3e775516ce8b49","/static/css/2.150d169a.chunk.css":"8178eaba0159129cb6776562578334e1993e85633525ea5d0eae441d3042a92e","/static/css/2.150d169a.chunk.css.map":"391a43f41473c0cdd8a9158e7af9e70b838832ca4ecb332c89a4fe50211c8d74","/static/css/main.c393b7a7.chunk.css":"47d4d163256cb6b3c072e61da42ef1093db3c213a5f811c9d4a112633ef19446","/static/css/main.c393b7a7.chunk.css.map":"95d577ae33a229fcd54cb4fff3d8812373e52254478fdd92b914f1bb15acf19a","/static/js/2.e94c46b3.chunk.js":"f464fab2236025286a6550d874530f4163319d954b82d377bfa87a5d2f8d5347","/static/js/2.e94c46b3.chunk.js.LICENSE.txt":"dd75a9f771e59956bf4841f4de1f5b0a4f14f1dae965840b4830794ba673a762","/static/js/2.e94c46b3.chunk.js.map":"4c0db912bd002c2ecdf169a110783992a4281c02dba43136c544243f1a6e78e3","/static/js/3.86954c17.chunk.js":"d2d6dea452d370b68098403d612708b6c89fa2bf5fe6e7f3e8e4b45c9e488f22","/static/js/3.86954c17.chunk.js.map":"c2ff5052cb19abf2547cffc88f47552f6114f928ecc1fa1e767254b2d1680d0d","/static/js/main.6a0e2710.chunk.js":"2c98b207ba233a6d6b12e78fc79fb0a3f7ffea12ded2f88cff72ba0b246138cc","/static/js/main.6a0e2710.chunk.js.map":"31167bda1b3bd203f60e57b36c7bf3f865fda3797d81fdacb5f95cdc403915c7","/static/js/runtime-main.9804f75e.js":"2b8208703398b8456cfc55849e130354e33ea967e66ccce98313787e4d1e7be4","/static/js/runtime-main.9804f75e.js.map":"a670f8abce2b793e102c4b496cbc7e0a2359ff9dc982c1a616042a32a9ffcd01","/static/media/hireMe.5fe539b4.jpg":"e17167655e59b29576913610bfdee342af57ed50cb834fca219f4211ae2064e3","/static/media/susanto.3506bcda.jpg":"dc85c26c679bb8c9725f454e95ca627025e1a86baa23d6561c9f42d0a2866e05"}}
[debug] [2021-05-03T15:23:27.839Z] <<< [apiv2][status] POST https://firebasehosting.googleapis.com/v1beta1/sites/portfolio-3db10/versions/2bb320ef6034973d:populateFiles 200
[debug] [2021-05-03T15:23:27.839Z] <<< [apiv2][body] POST https://firebasehosting.googleapis.com/v1beta1/sites/portfolio-3db10/versions/2bb320ef6034973d:populateFiles {"uploadRequiredHashes":["4c0db912bd002c2ecdf169a110783992a4281c02dba43136c544243f1a6e78e3","f464fab2236025286a6550d874530f4163319d954b82d377bfa87a5d2f8d5347"],"uploadUrl":"https://upload-firebasehosting.googleapis.com/upload/sites/portfolio-3db10/versions/2bb320ef6034973d/files"}
[debug] [2021-05-03T15:23:27.841Z] >>> [apiv2][query] POST https://upload-firebasehosting.googleapis.com/upload/sites/portfolio-3db10/versions/2bb320ef6034973d/files/4c0db912bd002c2ecdf169a110783992a4281c02dba43136c544243f1a6e78e3 [none]
[debug] [2021-05-03T15:23:27.841Z] >>> [apiv2][body] POST https://upload-firebasehosting.googleapis.com/upload/sites/portfolio-3db10/versions/2bb320ef6034973d/files/4c0db912bd002c2ecdf169a110783992a4281c02dba43136c544243f1a6e78e3 [stream]
[debug] [2021-05-03T15:23:27.843Z] >>> [apiv2][query] POST https://upload-firebasehosting.googleapis.com/upload/sites/portfolio-3db10/versions/2bb320ef6034973d/files/f464fab2236025286a6550d874530f4163319d954b82d377bfa87a5d2f8d5347 [none]
[debug] [2021-05-03T15:23:27.843Z] >>> [apiv2][body] POST https://upload-firebasehosting.googleapis.com/upload/sites/portfolio-3db10/versions/2bb320ef6034973d/files/f464fab2236025286a6550d874530f4163319d954b82d377bfa87a5d2f8d5347 [stream]
[debug] [2021-05-03T15:23:27.844Z] [hosting][populate queue][FINAL] {"max":3084,"min":3084,"avg":3084,"active":0,"complete":1,"success":1,"errored":0,"retried":0,"total":1,"elapsed":3087}
[debug] [2021-05-03T15:23:27.844Z] [hosting] uploads queued: 2
